RUN	computerdatabase.MicroposSimulation	micropossimulation	1657045122119	200	3.7.6
USER	Scenario Name	START	1657045123240
USER	Scenario Name	START	1657045123241
USER	Scenario Name	START	1657045123242
USER	Scenario Name	START	1657045123241
USER	Scenario Name	START	1657045123240
USER	Scenario Name	START	1657045123241
USER	Scenario Name	START	1657045123241
USER	Scenario Name	START	1657045123240
USER	Scenario Name	START	1657045123240
USER	Scenario Name	START	1657045123240
USER	Scenario Name	START	1657045123240
USER	Scenario Name	START	1657045123240
USER	Scenario Name	START	1657045123241
USER	Scenario Name	START	1657045123241
USER	Scenario Name	START	1657045123240
USER	Scenario Name	START	1657045123241
USER	Scenario Name	START	1657045123242
USER	Scenario Name	START	1657045123240
USER	Scenario Name	START	1657045123240
USER	Scenario Name	START	1657045123241
USER	Scenario Name	START	1657045123240
USER	Scenario Name	START	1657045123240
USER	Scenario Name	START	1657045123241
USER	Scenario Name	START	1657045123242
USER	Scenario Name	START	1657045123240
USER	Scenario Name	START	1657045123240
USER	Scenario Name	START	1657045123241
USER	Scenario Name	START	1657045123240
USER	Scenario Name	START	1657045123240
USER	Scenario Name	START	1657045123546
USER	Scenario Name	START	1657045123546
USER	Scenario Name	START	1657045123546
USER	Scenario Name	START	1657045123546
USER	Scenario Name	START	1657045123546
USER	Scenario Name	START	1657045123546
USER	Scenario Name	START	1657045123546
USER	Scenario Name	START	1657045123546
USER	Scenario Name	START	1657045123546
USER	Scenario Name	START	1657045123547
USER	Scenario Name	START	1657045123547
USER	Scenario Name	START	1657045123546
USER	Scenario Name	START	1657045123546
USER	Scenario Name	START	1657045123546
USER	Scenario Name	START	1657045123547
USER	Scenario Name	START	1657045123547
USER	Scenario Name	START	1657045123546
USER	Scenario Name	START	1657045123547
USER	Scenario Name	START	1657045123547
USER	Scenario Name	START	1657045123547
USER	Scenario Name	START	1657045123547
USER	Scenario Name	START	1657045123547
USER	Scenario Name	START	1657045123547
USER	Scenario Name	START	1657045123547
USER	Scenario Name	START	1657045123547
USER	Scenario Name	START	1657045123547
USER	Scenario Name	START	1657045123547
USER	Scenario Name	START	1657045123547
USER	Scenario Name	START	1657045123547
USER	Scenario Name	START	1657045123547
USER	Scenario Name	START	1657045123547
USER	Scenario Name	START	1657045123548
USER	Scenario Name	START	1657045123548
USER	Scenario Name	START	1657045123548
USER	Scenario Name	START	1657045123546
USER	Scenario Name	START	1657045123547
USER	Scenario Name	START	1657045123548
USER	Scenario Name	START	1657045123548
USER	Scenario Name	START	1657045123546
USER	Scenario Name	START	1657045123548
USER	Scenario Name	START	1657045123548
USER	Scenario Name	START	1657045123546
USER	Scenario Name	START	1657045123548
USER	Scenario Name	START	1657045123240
USER	Scenario Name	START	1657045123548
USER	Scenario Name	START	1657045123548
USER	Scenario Name	START	1657045123547
USER	Scenario Name	START	1657045123547
USER	Scenario Name	START	1657045123548
USER	Scenario Name	START	1657045123548
USER	Scenario Name	START	1657045123548
USER	Scenario Name	START	1657045123546
USER	Scenario Name	START	1657045123548
USER	Scenario Name	START	1657045123548
USER	Scenario Name	START	1657045123548
USER	Scenario Name	START	1657045123548
USER	Scenario Name	START	1657045123548
USER	Scenario Name	START	1657045123548
USER	Scenario Name	START	1657045123549
USER	Scenario Name	START	1657045123549
USER	Scenario Name	START	1657045123549
USER	Scenario Name	START	1657045123548
USER	Scenario Name	START	1657045123549
USER	Scenario Name	START	1657045123549
USER	Scenario Name	START	1657045123549
USER	Scenario Name	START	1657045123549
USER	Scenario Name	START	1657045123549
USER	Scenario Name	START	1657045123549
USER	Scenario Name	START	1657045123549
USER	Scenario Name	START	1657045123549
USER	Scenario Name	START	1657045123549
USER	Scenario Name	START	1657045123546
USER	Scenario Name	START	1657045123550
USER	Scenario Name	START	1657045123548
USER	Scenario Name	START	1657045123548
USER	Scenario Name	START	1657045123550
USER	Scenario Name	START	1657045123550
USER	Scenario Name	START	1657045123550
USER	Scenario Name	START	1657045123548
USER	Scenario Name	START	1657045123546
USER	Scenario Name	START	1657045123550
USER	Scenario Name	START	1657045123550
USER	Scenario Name	START	1657045123548
USER	Scenario Name	START	1657045123551
USER	Scenario Name	START	1657045123551
USER	Scenario Name	START	1657045123551
USER	Scenario Name	START	1657045123552
USER	Scenario Name	START	1657045123552
USER	Scenario Name	START	1657045123552
USER	Scenario Name	START	1657045123552
USER	Scenario Name	START	1657045123552
USER	Scenario Name	START	1657045123546
USER	Scenario Name	START	1657045123547
USER	Scenario Name	START	1657045123553
USER	Scenario Name	START	1657045123553
USER	Scenario Name	START	1657045123546
USER	Scenario Name	START	1657045123554
USER	Scenario Name	START	1657045123546
USER	Scenario Name	START	1657045123554
USER	Scenario Name	START	1657045123555
USER	Scenario Name	START	1657045123555
USER	Scenario Name	START	1657045123556
USER	Scenario Name	START	1657045123555
USER	Scenario Name	START	1657045123557
USER	Scenario Name	START	1657045123549
USER	Scenario Name	START	1657045123557
USER	Scenario Name	START	1657045123546
USER	Scenario Name	START	1657045123554
USER	Scenario Name	START	1657045123546
USER	Scenario Name	START	1657045123558
USER	Scenario Name	START	1657045123558
USER	Scenario Name	START	1657045123558
USER	Scenario Name	START	1657045123546
USER	Scenario Name	START	1657045123559
USER	Scenario Name	START	1657045123560
USER	Scenario Name	START	1657045123561
USER	Scenario Name	START	1657045123560
USER	Scenario Name	START	1657045123561
USER	Scenario Name	START	1657045123240
USER	Scenario Name	START	1657045123240
USER	Scenario Name	START	1657045123561
USER	Scenario Name	START	1657045123567
USER	Scenario Name	START	1657045123567
USER	Scenario Name	START	1657045123240
USER	Scenario Name	START	1657045123571
USER	Scenario Name	START	1657045123240
USER	Scenario Name	START	1657045123241
USER	Scenario Name	START	1657045123572
USER	Scenario Name	START	1657045123575
USER	Scenario Name	START	1657045123574
USER	Scenario Name	START	1657045123573
USER	Scenario Name	START	1657045123576
USER	Scenario Name	START	1657045123576
USER	Scenario Name	START	1657045123576
USER	Scenario Name	START	1657045123576
USER	Scenario Name	START	1657045123576
USER	Scenario Name	START	1657045123576
USER	Scenario Name	START	1657045123577
USER	Scenario Name	START	1657045123241
USER	Scenario Name	START	1657045123578
USER	Scenario Name	START	1657045123241
USER	Scenario Name	START	1657045123241
USER	Scenario Name	START	1657045123580
USER	Scenario Name	START	1657045123581
USER	Scenario Name	START	1657045123581
USER	Scenario Name	START	1657045123240
USER	Scenario Name	START	1657045123241
USER	Scenario Name	START	1657045123562
USER	Scenario Name	START	1657045123582
USER	Scenario Name	START	1657045123582
USER	Scenario Name	START	1657045123583
USER	Scenario Name	START	1657045123583
USER	Scenario Name	START	1657045123583
USER	Scenario Name	START	1657045123583
USER	Scenario Name	START	1657045123583
USER	Scenario Name	START	1657045123583
USER	Scenario Name	START	1657045123577
USER	Scenario Name	START	1657045123584
USER	Scenario Name	START	1657045123585
USER	Scenario Name	START	1657045123585
USER	Scenario Name	START	1657045123585
USER	Scenario Name	START	1657045123585
USER	Scenario Name	START	1657045123587
USER	Scenario Name	START	1657045123587
USER	Scenario Name	START	1657045123587
USER	Scenario Name	START	1657045123588
USER	Scenario Name	START	1657045123589
USER	Scenario Name	START	1657045123590
USER	Scenario Name	START	1657045123591
USER	Scenario Name	START	1657045123592
USER	Scenario Name	START	1657045123593
REQUEST		get products	1657045123546	1657045123627	OK	 
REQUEST		get products	1657045123382	1657045123654	OK	 
REQUEST		get products	1657045123382	1657045123655	OK	 
REQUEST		get products	1657045123382	1657045123678	OK	 
REQUEST		get products	1657045123546	1657045123678	OK	 
REQUEST		get products	1657045123548	1657045123678	OK	 
REQUEST		get products	1657045123547	1657045123679	OK	 
REQUEST		get products	1657045123547	1657045123682	OK	 
REQUEST		get products	1657045123549	1657045123682	OK	 
REQUEST		get products	1657045123567	1657045123682	OK	 
REQUEST		get products	1657045123548	1657045123683	OK	 
REQUEST		get products	1657045123382	1657045123685	OK	 
REQUEST		get products	1657045123381	1657045123685	OK	 
REQUEST		get products	1657045123382	1657045123685	OK	 
REQUEST		get products	1657045123548	1657045123686	OK	 
REQUEST		get products	1657045123548	1657045123686	OK	 
REQUEST		get products	1657045123562	1657045123686	OK	 
REQUEST		get products	1657045123548	1657045123708	OK	 
REQUEST		get products	1657045123546	1657045123710	OK	 
REQUEST		get products	1657045123548	1657045123710	OK	 
REQUEST		get products	1657045123547	1657045123710	OK	 
REQUEST		get products	1657045123547	1657045123710	OK	 
REQUEST		get products	1657045123551	1657045123710	OK	 
REQUEST		get products	1657045123382	1657045123711	OK	 
REQUEST		get products	1657045123553	1657045123711	OK	 
REQUEST		get products	1657045123561	1657045123711	OK	 
REQUEST		get products	1657045123546	1657045123712	OK	 
REQUEST		get products	1657045123546	1657045123718	OK	 
REQUEST		get products	1657045123547	1657045123718	OK	 
REQUEST		get products	1657045123547	1657045123718	OK	 
REQUEST		get products	1657045123548	1657045123718	OK	 
REQUEST		get products	1657045123549	1657045123723	OK	 
REQUEST		get products	1657045123584	1657045123723	OK	 
REQUEST		get products	1657045123546	1657045123725	OK	 
REQUEST		get products	1657045123552	1657045123729	OK	 
REQUEST		get products	1657045123559	1657045123729	OK	 
REQUEST		get products	1657045123552	1657045123735	OK	 
REQUEST		get products	1657045123550	1657045123735	OK	 
REQUEST		get products	1657045123547	1657045123736	OK	 
REQUEST		get products	1657045123547	1657045123739	OK	 
REQUEST		get products	1657045123548	1657045123739	OK	 
REQUEST		get products	1657045123382	1657045123739	OK	 
REQUEST		get products	1657045123551	1657045123739	OK	 
REQUEST		get products	1657045123548	1657045123744	OK	 
REQUEST		get products	1657045123547	1657045123747	OK	 
REQUEST		get products	1657045123555	1657045123747	OK	 
REQUEST		get products	1657045123548	1657045123748	OK	 
REQUEST		get products	1657045123549	1657045123750	OK	 
REQUEST		get products	1657045123382	1657045123750	OK	 
REQUEST		get products	1657045123548	1657045123753	OK	 
REQUEST		get products	1657045123548	1657045123753	OK	 
REQUEST		get products	1657045123552	1657045123757	OK	 
REQUEST		get products	1657045123381	1657045123757	OK	 
REQUEST		get products	1657045123551	1657045123760	OK	 
REQUEST		get products	1657045123551	1657045123760	OK	 
REQUEST		get products	1657045123585	1657045123761	OK	 
REQUEST		get products	1657045123382	1657045123765	OK	 
REQUEST		get products	1657045123548	1657045123768	OK	 
REQUEST		get products	1657045123558	1657045123768	OK	 
REQUEST		get products	1657045123552	1657045123768	OK	 
REQUEST		get products	1657045123382	1657045123773	OK	 
REQUEST		get products	1657045123546	1657045123774	OK	 
REQUEST		get products	1657045123547	1657045123774	OK	 
REQUEST		get products	1657045123557	1657045123774	OK	 
REQUEST		get products	1657045123547	1657045123777	OK	 
REQUEST		get products	1657045123548	1657045123778	OK	 
REQUEST		get products	1657045123381	1657045123782	OK	 
REQUEST		get products	1657045123382	1657045123782	OK	 
REQUEST		get products	1657045123382	1657045123784	OK	 
REQUEST		get products	1657045123548	1657045123784	OK	 
REQUEST		get products	1657045123381	1657045123784	OK	 
REQUEST		get products	1657045123382	1657045123785	OK	 
REQUEST		get products	1657045123546	1657045123788	OK	 
REQUEST		get products	1657045123381	1657045123792	OK	 
REQUEST		get products	1657045123548	1657045123792	OK	 
REQUEST		get products	1657045123558	1657045123792	OK	 
REQUEST		get products	1657045123546	1657045123796	OK	 
REQUEST		get products	1657045123549	1657045123796	OK	 
REQUEST		get products	1657045123549	1657045123799	OK	 
REQUEST		get products	1657045123547	1657045123799	OK	 
REQUEST		get products	1657045123550	1657045123800	OK	 
REQUEST		get products	1657045123548	1657045123803	OK	 
REQUEST		get products	1657045123387	1657045123803	OK	 
REQUEST		get products	1657045123573	1657045123806	OK	 
REQUEST		get products	1657045123548	1657045123806	OK	 
REQUEST		get products	1657045123551	1657045123807	OK	 
REQUEST		get products	1657045123382	1657045123811	OK	 
REQUEST		get products	1657045123547	1657045123811	OK	 
REQUEST		get products	1657045123549	1657045123812	OK	 
REQUEST		get products	1657045123382	1657045123813	OK	 
REQUEST		get products	1657045123547	1657045123815	OK	 
REQUEST		get products	1657045123381	1657045123817	OK	 
REQUEST		get products	1657045123382	1657045123817	OK	 
REQUEST		get products	1657045123546	1657045123818	OK	 
REQUEST		get products	1657045123567	1657045123820	OK	 
REQUEST		get products	1657045123382	1657045123821	OK	 
REQUEST		get products	1657045123548	1657045123824	OK	 
REQUEST		get products	1657045123382	1657045123824	OK	 
REQUEST		get products	1657045123382	1657045123824	OK	 
REQUEST		get products	1657045123555	1657045123828	OK	 
REQUEST		get products	1657045123556	1657045123828	OK	 
REQUEST		get products	1657045123546	1657045123828	OK	 
REQUEST		get products	1657045123550	1657045123828	OK	 
REQUEST		get products	1657045123381	1657045123828	OK	 
REQUEST		get products	1657045123563	1657045123833	OK	 
REQUEST		get products	1657045123575	1657045123833	OK	 
REQUEST		get products	1657045123382	1657045123833	OK	 
REQUEST		get products	1657045123582	1657045123835	OK	 
REQUEST		get products	1657045123552	1657045123836	OK	 
REQUEST		get products	1657045123554	1657045123840	OK	 
REQUEST		get products	1657045123546	1657045123840	OK	 
REQUEST		get products	1657045123548	1657045123842	OK	 
REQUEST		get products	1657045123382	1657045123842	OK	 
REQUEST		get products	1657045123382	1657045123844	OK	 
REQUEST		get products	1657045123547	1657045123844	OK	 
REQUEST		get products	1657045123548	1657045123845	OK	 
REQUEST		get products	1657045123549	1657045123845	OK	 
REQUEST		get products	1657045123558	1657045123850	OK	 
REQUEST		get products	1657045123547	1657045123850	OK	 
REQUEST		get products	1657045123382	1657045123851	OK	 
REQUEST		get products	1657045123583	1657045123851	OK	 
REQUEST		get products	1657045123548	1657045123854	OK	 
REQUEST		get products	1657045123548	1657045123856	OK	 
REQUEST		get products	1657045123547	1657045123857	OK	 
REQUEST		get products	1657045123547	1657045123857	OK	 
REQUEST		get products	1657045123548	1657045123857	OK	 
REQUEST		get products	1657045123575	1657045123858	OK	 
REQUEST		get products	1657045123384	1657045123858	OK	 
REQUEST		get products	1657045123548	1657045123864	OK	 
REQUEST		get products	1657045123583	1657045123864	OK	 
REQUEST		get products	1657045123546	1657045123864	OK	 
REQUEST		get products	1657045123547	1657045123868	OK	 
REQUEST		get products	1657045123546	1657045123868	OK	 
REQUEST		get products	1657045123590	1657045123870	OK	 
REQUEST		get products	1657045123587	1657045123870	OK	 
REQUEST		get products	1657045123381	1657045123875	OK	 
REQUEST		get products	1657045123592	1657045123875	OK	 
REQUEST		get products	1657045123587	1657045123877	OK	 
REQUEST		get products	1657045123588	1657045123880	OK	 
REQUEST		get products	1657045123549	1657045123880	OK	 
REQUEST		get products	1657045123546	1657045123884	OK	 
REQUEST		get products	1657045123584	1657045123884	OK	 
REQUEST		get products	1657045123382	1657045123884	OK	 
REQUEST		get products	1657045123581	1657045123888	OK	 
REQUEST		get products	1657045123586	1657045123888	OK	 
REQUEST		get products	1657045123584	1657045123891	OK	 
REQUEST		get products	1657045123382	1657045123891	OK	 
REQUEST		get products	1657045123381	1657045123898	OK	 
REQUEST		get products	1657045123583	1657045123907	OK	 
REQUEST		get products	1657045123590	1657045123907	OK	 
REQUEST		add item 1	1657045123866	1657045123900	OK	 
REQUEST		add item 1	1657045123866	1657045123900	OK	 
REQUEST		add item 1	1657045123866	1657045123900	OK	 
REQUEST		get products	1657045123591	1657045123911	OK	 
REQUEST		get products	1657045123382	1657045123911	OK	 
REQUEST		get products	1657045123576	1657045123914	OK	 
REQUEST		get products	1657045123546	1657045123914	OK	 
REQUEST		get products	1657045123584	1657045123915	OK	 
REQUEST		add item 1	1657045123891	1657045123916	OK	 
REQUEST		add item 1	1657045123891	1657045123916	OK	 
REQUEST		add item 1	1657045123891	1657045123915	OK	 
REQUEST		add item 1	1657045123891	1657045123916	OK	 
REQUEST		add item 1	1657045123891	1657045123916	OK	 
REQUEST		add item 1	1657045123891	1657045123916	OK	 
REQUEST		add item 1	1657045123891	1657045123916	OK	 
REQUEST		add item 1	1657045123891	1657045123917	OK	 
REQUEST		add item 1	1657045123891	1657045123917	OK	 
REQUEST		add item 1	1657045123891	1657045123917	OK	 
REQUEST		add item 1	1657045123892	1657045123917	OK	 
REQUEST		add item 1	1657045123891	1657045123917	OK	 
REQUEST		get products	1657045123547	1657045123917	OK	 
REQUEST		add item 1	1657045123892	1657045123918	OK	 
REQUEST		add item 1	1657045123891	1657045123918	OK	 
REQUEST		get products	1657045123578	1657045123924	OK	 
REQUEST		get products	1657045123583	1657045123927	OK	 
REQUEST		get products	1657045123572	1657045123927	OK	 
REQUEST		get products	1657045123549	1657045123927	OK	 
REQUEST		get products	1657045123571	1657045123936	OK	 
REQUEST		get products	1657045123581	1657045123936	OK	 
REQUEST		get products	1657045123381	1657045123941	OK	 
REQUEST		add item 1	1657045123917	1657045123944	OK	 
REQUEST		add item 1	1657045123917	1657045123944	OK	 
REQUEST		add item 1	1657045123921	1657045123944	OK	 
REQUEST		add item 1	1657045123921	1657045123944	OK	 
REQUEST		add item 1	1657045123917	1657045123944	OK	 
REQUEST		add item 1	1657045123922	1657045123945	OK	 
REQUEST		add item 1	1657045123917	1657045123944	OK	 
REQUEST		add item 1	1657045123921	1657045123945	OK	 
REQUEST		get products	1657045123556	1657045123945	OK	 
REQUEST		get products	1657045123548	1657045123945	OK	 
REQUEST		add item 1	1657045123922	1657045123945	OK	 
REQUEST		add item 1	1657045123921	1657045123945	OK	 
REQUEST		get products	1657045123557	1657045123951	OK	 
REQUEST		get products	1657045123548	1657045123951	OK	 
REQUEST		get products	1657045123549	1657045123952	OK	 
REQUEST		add item 1	1657045123921	1657045123954	OK	 
REQUEST		add item 1	1657045123921	1657045123954	OK	 
REQUEST		add item 1	1657045123921	1657045123955	OK	 
REQUEST		add item 1	1657045123921	1657045123955	OK	 
REQUEST		get products	1657045123557	1657045123960	OK	 
REQUEST		add item 1	1657045123928	1657045123960	OK	 
REQUEST		get products	1657045123561	1657045123960	OK	 
REQUEST		add item 1	1657045123937	1657045123965	OK	 
REQUEST		add item 1	1657045123937	1657045123965	OK	 
REQUEST		add item 1	1657045123937	1657045123965	OK	 
REQUEST		get products	1657045123548	1657045123965	OK	 
REQUEST		add item 1	1657045123938	1657045123965	OK	 
REQUEST		add item 1	1657045123938	1657045123965	OK	 
REQUEST		add item 1	1657045123938	1657045123965	OK	 
REQUEST		add item 1	1657045123937	1657045123965	OK	 
REQUEST		get products	1657045123547	1657045123971	OK	 
REQUEST		get products	1657045123548	1657045123971	OK	 
REQUEST		get products	1657045123553	1657045123971	OK	 
REQUEST		add item 1	1657045123944	1657045123976	OK	 
REQUEST		add item 1	1657045123951	1657045123976	OK	 
REQUEST		add item 1	1657045123953	1657045123976	OK	 
REQUEST		add item 1	1657045123945	1657045123976	OK	 
REQUEST		add item 1	1657045123953	1657045123979	OK	 
REQUEST		get products	1657045123549	1657045123983	OK	 
REQUEST		get products	1657045123585	1657045123983	OK	 
REQUEST		get products	1657045123382	1657045123983	OK	 
REQUEST		get products	1657045123555	1657045123983	OK	 
REQUEST		get products	1657045123550	1657045123986	OK	 
REQUEST		add item 1	1657045123953	1657045123989	OK	 
REQUEST		add item 1	1657045123953	1657045123989	OK	 
REQUEST		add item 1	1657045123953	1657045123989	OK	 
REQUEST		add item 1	1657045123953	1657045123989	OK	 
REQUEST		add item 1	1657045123953	1657045123989	OK	 
REQUEST		get products	1657045123547	1657045123991	OK	 
REQUEST		get products	1657045123546	1657045123995	OK	 
REQUEST		add item 1	1657045123968	1657045124000	OK	 
REQUEST		add item 1	1657045123968	1657045124000	OK	 
REQUEST		get products	1657045123579	1657045124000	OK	 
REQUEST		add item 1	1657045123966	1657045124000	OK	 
REQUEST		add item 1	1657045123968	1657045124000	OK	 
REQUEST		add item 1	1657045123968	1657045124000	OK	 
REQUEST		add item 1	1657045123968	1657045124000	OK	 
REQUEST		add item 1	1657045123968	1657045124000	OK	 
REQUEST		add item 1	1657045123968	1657045124001	OK	 
REQUEST		get products	1657045123576	1657045124006	OK	 
REQUEST		get products	1657045123382	1657045124006	OK	 
REQUEST		add item 1	1657045123972	1657045124009	OK	 
REQUEST		get products	1657045123577	1657045124012	OK	 
REQUEST		get products	1657045123549	1657045124012	OK	 
REQUEST		get products	1657045123576	1657045124014	OK	 
REQUEST		add item 1	1657045123983	1657045124014	OK	 
REQUEST		add item 1	1657045123983	1657045124014	OK	 
REQUEST		add item 1	1657045123984	1657045124014	OK	 
REQUEST		add item 1	1657045123983	1657045124015	OK	 
REQUEST		add item 1	1657045123984	1657045124015	OK	 
REQUEST		get products	1657045123577	1657045124015	OK	 
REQUEST		add item 1	1657045123983	1657045124015	OK	 
REQUEST		add item 1	1657045123983	1657045124015	OK	 
REQUEST		add item 1	1657045123983	1657045124015	OK	 
REQUEST		add item 1	1657045123984	1657045124015	OK	 
REQUEST		get products	1657045123586	1657045124016	OK	 
REQUEST		add item 1	1657045123985	1657045124016	OK	 
REQUEST		get products	1657045123585	1657045124017	OK	 
REQUEST		get products	1657045123587	1657045124021	OK	 
REQUEST		get products	1657045123577	1657045124021	OK	 
REQUEST		add item 1	1657045124001	1657045124026	OK	 
REQUEST		add item 1	1657045124001	1657045124026	OK	 
REQUEST		add item 1	1657045124000	1657045124025	OK	 
REQUEST		add item 1	1657045124000	1657045124025	OK	 
REQUEST		add item 1	1657045124000	1657045124025	OK	 
REQUEST		add item 1	1657045124000	1657045124026	OK	 
REQUEST		add item 1	1657045124001	1657045124025	OK	 
REQUEST		add item 1	1657045124000	1657045124026	OK	 
REQUEST		get products	1657045123594	1657045124026	OK	 
REQUEST		add item 1	1657045124000	1657045124026	OK	 
REQUEST		add item 1	1657045124001	1657045124026	OK	 
REQUEST		add item 1	1657045124000	1657045124026	OK	 
REQUEST		add item 1	1657045124002	1657045124027	OK	 
REQUEST		add item 1	1657045124000	1657045124027	OK	 
REQUEST		get products	1657045123549	1657045124027	OK	 
REQUEST		get products	1657045123547	1657045124027	OK	 
REQUEST		add item 1	1657045124016	1657045124031	OK	 
REQUEST		add item 1	1657045124016	1657045124031	OK	 
REQUEST		add item 1	1657045124016	1657045124032	OK	 
REQUEST		add item 1	1657045124016	1657045124031	OK	 
REQUEST		add item 1	1657045124015	1657045124031	OK	 
REQUEST		add item 1	1657045124015	1657045124035	OK	 
REQUEST		add item 1	1657045124016	1657045124035	OK	 
REQUEST		add item 1	1657045124015	1657045124035	OK	 
REQUEST		add item 1	1657045124017	1657045124035	OK	 
REQUEST		add item 1	1657045124015	1657045124035	OK	 
REQUEST		add item 1	1657045124031	1657045124046	OK	 
REQUEST		add item 1	1657045124032	1657045124047	OK	 
REQUEST		add item 1	1657045124031	1657045124047	OK	 
REQUEST		add item 1	1657045124032	1657045124046	OK	 
REQUEST		add item 1	1657045124032	1657045124046	OK	 
REQUEST		add item 1	1657045124031	1657045124047	OK	 
REQUEST		add item 1	1657045124032	1657045124047	OK	 
REQUEST		add item 1	1657045124031	1657045124047	OK	 
REQUEST		add item 1	1657045124031	1657045124046	OK	 
REQUEST		add item 1	1657045124031	1657045124047	OK	 
REQUEST		add item 1	1657045124031	1657045124047	OK	 
REQUEST		add item 1	1657045124031	1657045124047	OK	 
REQUEST		add item 1	1657045124032	1657045124048	OK	 
REQUEST		add item 1	1657045124047	1657045124061	OK	 
REQUEST		add item 1	1657045124047	1657045124060	OK	 
REQUEST		add item 1	1657045124047	1657045124060	OK	 
REQUEST		add item 1	1657045124047	1657045124060	OK	 
REQUEST		add item 1	1657045124048	1657045124061	OK	 
REQUEST		add item 1	1657045124047	1657045124061	OK	 
REQUEST		add item 1	1657045124047	1657045124061	OK	 
REQUEST		add item 1	1657045124047	1657045124061	OK	 
REQUEST		add item 1	1657045124047	1657045124061	OK	 
REQUEST		add item 1	1657045124047	1657045124061	OK	 
REQUEST		add item 1	1657045124047	1657045124062	OK	 
REQUEST		add item 1	1657045124047	1657045124062	OK	 
REQUEST		add item 1	1657045124047	1657045124062	OK	 
REQUEST		add item 1	1657045124061	1657045124076	OK	 
REQUEST		add item 1	1657045124062	1657045124076	OK	 
REQUEST		add item 1	1657045124063	1657045124076	OK	 
REQUEST		add item 1	1657045124063	1657045124076	OK	 
REQUEST		add item 1	1657045124063	1657045124076	OK	 
REQUEST		add item 1	1657045124062	1657045124076	OK	 
REQUEST		add item 1	1657045124062	1657045124076	OK	 
REQUEST		add item 1	1657045124063	1657045124076	OK	 
REQUEST		add item 1	1657045124063	1657045124076	OK	 
REQUEST		add item 1	1657045124062	1657045124077	OK	 
REQUEST		add item 1	1657045124062	1657045124079	OK	 
REQUEST		add item 2	1657045124066	1657045124084	OK	 
REQUEST		add item 2	1657045124066	1657045124084	OK	 
REQUEST		add item 2	1657045124066	1657045124084	OK	 
REQUEST		add item 2	1657045124067	1657045124084	OK	 
REQUEST		add item 2	1657045124068	1657045124088	OK	 
REQUEST		add item 2	1657045124068	1657045124088	OK	 
REQUEST		add item 2	1657045124067	1657045124088	OK	 
REQUEST		add item 2	1657045124078	1657045124091	OK	 
REQUEST		add item 2	1657045124078	1657045124091	OK	 
REQUEST		add item 2	1657045124077	1657045124091	OK	 
REQUEST		add item 2	1657045124078	1657045124091	OK	 
REQUEST		add item 1	1657045124078	1657045124091	OK	 
REQUEST		add item 1	1657045124078	1657045124091	OK	 
REQUEST		add item 2	1657045124077	1657045124091	OK	 
REQUEST		add item 2	1657045124079	1657045124091	OK	 
REQUEST		add item 1	1657045124076	1657045124091	OK	 
REQUEST		add item 1	1657045124076	1657045124091	OK	 
REQUEST		add item 2	1657045124078	1657045124092	OK	 
REQUEST		add item 1	1657045124078	1657045124092	OK	 
REQUEST		add item 2	1657045124078	1657045124092	OK	 
REQUEST		add item 1	1657045124078	1657045124093	OK	 
REQUEST		add item 1	1657045124078	1657045124093	OK	 
REQUEST		add item 2	1657045124078	1657045124093	OK	 
REQUEST		add item 2	1657045124078	1657045124093	OK	 
REQUEST		add item 1	1657045124078	1657045124094	OK	 
REQUEST		add item 1	1657045124078	1657045124094	OK	 
REQUEST		add item 1	1657045124093	1657045124103	OK	 
REQUEST		add item 1	1657045124093	1657045124103	OK	 
REQUEST		add item 1	1657045124093	1657045124103	OK	 
REQUEST		add item 1	1657045124093	1657045124103	OK	 
REQUEST		add item 1	1657045124094	1657045124103	OK	 
REQUEST		add item 1	1657045124092	1657045124103	OK	 
REQUEST		add item 1	1657045124093	1657045124104	OK	 
REQUEST		add item 1	1657045124094	1657045124104	OK	 
REQUEST		add item 1	1657045124094	1657045124105	OK	 
REQUEST		add item 1	1657045124093	1657045124105	OK	 
REQUEST		add item 1	1657045124104	1657045124122	OK	 
REQUEST		get products	1657045123561	1657045124123	OK	 
REQUEST		get products	1657045123547	1657045124123	OK	 
REQUEST		get products	1657045123584	1657045124124	OK	 
REQUEST		get products	1657045123562	1657045124125	OK	 
REQUEST		get products	1657045123546	1657045124125	OK	 
REQUEST		add item 2	1657045124109	1657045124127	OK	 
REQUEST		add item 1	1657045124109	1657045124127	OK	 
REQUEST		add item 2	1657045124110	1657045124128	OK	 
REQUEST		add item 2	1657045124109	1657045124128	OK	 
REQUEST		add item 2	1657045124110	1657045124128	OK	 
REQUEST		add item 2	1657045124110	1657045124129	OK	 
REQUEST		add item 2	1657045124109	1657045124129	OK	 
REQUEST		add item 2	1657045124109	1657045124129	OK	 
REQUEST		add item 2	1657045124109	1657045124129	OK	 
REQUEST		add item 2	1657045124110	1657045124129	OK	 
REQUEST		add item 1	1657045124110	1657045124129	OK	 
REQUEST		add item 2	1657045124109	1657045124129	OK	 
REQUEST		add item 2	1657045124109	1657045124129	OK	 
REQUEST		add item 2	1657045124110	1657045124130	OK	 
REQUEST		add item 2	1657045124110	1657045124132	OK	 
REQUEST		add item 2	1657045124109	1657045124132	OK	 
REQUEST		add item 1	1657045124124	1657045124141	OK	 
REQUEST		add item 2	1657045124124	1657045124142	OK	 
REQUEST		add item 2	1657045124125	1657045124143	OK	 
REQUEST		add item 2	1657045124124	1657045124143	OK	 
REQUEST		add item 2	1657045124125	1657045124143	OK	 
REQUEST		add item 2	1657045124125	1657045124143	OK	 
REQUEST		add item 2	1657045124124	1657045124143	OK	 
REQUEST		add item 1	1657045124125	1657045124143	OK	 
REQUEST		add item 1	1657045124124	1657045124143	OK	 
REQUEST		add item 1	1657045124125	1657045124143	OK	 
REQUEST		add item 1	1657045124124	1657045124143	OK	 
REQUEST		add item 2	1657045124128	1657045124146	OK	 
REQUEST		add item 2	1657045124128	1657045124145	OK	 
REQUEST		add item 2	1657045124125	1657045124146	OK	 
REQUEST		add item 2	1657045124129	1657045124146	OK	 
REQUEST		add item 1	1657045124125	1657045124146	OK	 
REQUEST		add item 2	1657045124124	1657045124146	OK	 
REQUEST		add item 2	1657045124131	1657045124150	OK	 
REQUEST		add item 2	1657045124140	1657045124153	OK	 
REQUEST		add item 2	1657045124140	1657045124153	OK	 
REQUEST		add item 2	1657045124143	1657045124153	OK	 
REQUEST		add item 1	1657045124140	1657045124153	OK	 
REQUEST		add item 1	1657045124140	1657045124153	OK	 
REQUEST		add item 1	1657045124140	1657045124153	OK	 
REQUEST		add item 1	1657045124141	1657045124154	OK	 
REQUEST		add item 1	1657045124140	1657045124154	OK	 
REQUEST		add item 1	1657045124140	1657045124154	OK	 
REQUEST		add item 2	1657045124154	1657045124169	OK	 
REQUEST		add item 2	1657045124155	1657045124168	OK	 
REQUEST		add item 2	1657045124154	1657045124168	OK	 
REQUEST		add item 2	1657045124154	1657045124169	OK	 
REQUEST		add item 2	1657045124154	1657045124169	OK	 
REQUEST		add item 1	1657045124154	1657045124168	OK	 
REQUEST		add item 2	1657045124154	1657045124169	OK	 
REQUEST		add item 1	1657045124155	1657045124169	OK	 
REQUEST		add item 1	1657045124155	1657045124169	OK	 
REQUEST		add item 1	1657045124154	1657045124168	OK	 
REQUEST		add item 2	1657045124155	1657045124169	OK	 
REQUEST		add item 2	1657045124155	1657045124169	OK	 
REQUEST		add item 2	1657045124154	1657045124170	OK	 
REQUEST		add item 2	1657045124155	1657045124170	OK	 
REQUEST		add item 1	1657045124154	1657045124170	OK	 
REQUEST		add item 2	1657045124154	1657045124170	OK	 
REQUEST		add item 1	1657045124155	1657045124170	OK	 
REQUEST		add item 2	1657045124169	1657045124183	OK	 
REQUEST		add item 2	1657045124170	1657045124182	OK	 
REQUEST		add item 2	1657045124169	1657045124182	OK	 
REQUEST		add item 2	1657045124170	1657045124182	OK	 
REQUEST		add item 2	1657045124170	1657045124182	OK	 
REQUEST		add item 2	1657045124169	1657045124182	OK	 
REQUEST		add item 2	1657045124169	1657045124182	OK	 
REQUEST		add item 2	1657045124170	1657045124182	OK	 
REQUEST		add item 2	1657045124169	1657045124183	OK	 
REQUEST		add item 2	1657045124170	1657045124183	OK	 
REQUEST		add item 1	1657045124169	1657045124183	OK	 
REQUEST		add item 2	1657045124169	1657045124183	OK	 
REQUEST		add item 1	1657045124169	1657045124183	OK	 
REQUEST		add item 1	1657045124169	1657045124183	OK	 
REQUEST		add item 2	1657045124186	1657045124200	OK	 
REQUEST		add item 2	1657045124186	1657045124201	OK	 
REQUEST		add item 2	1657045124186	1657045124201	OK	 
REQUEST		add item 2	1657045124183	1657045124201	OK	 
REQUEST		add item 1	1657045124185	1657045124201	OK	 
REQUEST		add item 2	1657045124185	1657045124201	OK	 
REQUEST		add item 2	1657045124183	1657045124200	OK	 
REQUEST		add item 1	1657045124183	1657045124201	OK	 
REQUEST		add item 2	1657045124186	1657045124200	OK	 
REQUEST		add item 2	1657045124185	1657045124200	OK	 
REQUEST		add item 1	1657045124185	1657045124200	OK	 
REQUEST		add item 1	1657045124183	1657045124202	OK	 
REQUEST		add item 1	1657045124185	1657045124202	OK	 
REQUEST		add item 2	1657045124186	1657045124202	OK	 
REQUEST		add item 2	1657045124186	1657045124202	OK	 
REQUEST		add item 2	1657045124187	1657045124203	OK	 
REQUEST		add item 2	1657045124185	1657045124203	OK	 
REQUEST		add item 2	1657045124186	1657045124207	OK	 
REQUEST		add item 2	1657045124185	1657045124207	OK	 
REQUEST		add item 1	1657045124183	1657045124207	OK	 
REQUEST		add item 2	1657045124186	1657045124207	OK	 
REQUEST		add item 2	1657045124186	1657045124207	OK	 
REQUEST		add item 2	1657045124186	1657045124207	OK	 
REQUEST		add item 2	1657045124187	1657045124207	OK	 
REQUEST		add item 2	1657045124185	1657045124207	OK	 
REQUEST		add item 2	1657045124186	1657045124208	OK	 
REQUEST		add item 1	1657045124185	1657045124208	OK	 
REQUEST		add item 2	1657045124202	1657045124215	OK	 
REQUEST		add item 2	1657045124201	1657045124215	OK	 
REQUEST		add item 2	1657045124202	1657045124215	OK	 
REQUEST		add item 2	1657045124202	1657045124215	OK	 
REQUEST		add item 2	1657045124202	1657045124215	OK	 
REQUEST		add item 1	1657045124202	1657045124215	OK	 
REQUEST		add item 2	1657045124202	1657045124215	OK	 
REQUEST		add item 1	1657045124201	1657045124215	OK	 
REQUEST		add item 2	1657045124201	1657045124215	OK	 
REQUEST		add item 2	1657045124202	1657045124216	OK	 
REQUEST		add item 2	1657045124201	1657045124219	OK	 
REQUEST		add item 2	1657045124202	1657045124219	OK	 
REQUEST		add item 2	1657045124201	1657045124219	OK	 
REQUEST		add item 2	1657045124201	1657045124219	OK	 
REQUEST		add item 1	1657045124201	1657045124219	OK	 
REQUEST		add item 2	1657045124201	1657045124220	OK	 
REQUEST		add item 2	1657045124201	1657045124220	OK	 
REQUEST		add item 1	1657045124202	1657045124220	OK	 
REQUEST		add item 2	1657045124202	1657045124220	OK	 
REQUEST		add item 2	1657045124202	1657045124220	OK	 
REQUEST		add item 2	1657045124216	1657045124229	OK	 
REQUEST		add item 2	1657045124216	1657045124229	OK	 
REQUEST		add item 2	1657045124216	1657045124229	OK	 
REQUEST		add item 2	1657045124215	1657045124229	OK	 
REQUEST		add item 1	1657045124216	1657045124229	OK	 
REQUEST		add item 1	1657045124216	1657045124229	OK	 
REQUEST		add item 1	1657045124216	1657045124229	OK	 
REQUEST		add item 1	1657045124216	1657045124229	OK	 
REQUEST		add item 2	1657045124215	1657045124229	OK	 
REQUEST		add item 2	1657045124216	1657045124230	OK	 
REQUEST		add item 2	1657045124216	1657045124230	OK	 
REQUEST		add item 2	1657045124215	1657045124230	OK	 
REQUEST		add item 2	1657045124216	1657045124230	OK	 
REQUEST		add item 2	1657045124216	1657045124230	OK	 
REQUEST		add item 1	1657045124216	1657045124230	OK	 
REQUEST		add item 2	1657045124215	1657045124231	OK	 
REQUEST		add item 2	1657045124216	1657045124231	OK	 
REQUEST		add item 1	1657045124216	1657045124231	OK	 
REQUEST		add item 2	1657045124216	1657045124231	OK	 
REQUEST		add item 2	1657045124230	1657045124243	OK	 
REQUEST		add item 2	1657045124229	1657045124243	OK	 
REQUEST		add item 2	1657045124230	1657045124243	OK	 
REQUEST		add item 2	1657045124229	1657045124243	OK	 
REQUEST		add item 1	1657045124229	1657045124244	OK	 
REQUEST		add item 1	1657045124232	1657045124244	OK	 
REQUEST		add item 2	1657045124232	1657045124244	OK	 
REQUEST		add item 2	1657045124232	1657045124244	OK	 
REQUEST		add item 2	1657045124232	1657045124245	OK	 
REQUEST		add item 2	1657045124232	1657045124245	OK	 
REQUEST		add item 1	1657045124232	1657045124245	OK	 
REQUEST		add item 1	1657045124232	1657045124245	OK	 
REQUEST		add item 2	1657045124232	1657045124245	OK	 
REQUEST		add item 1	1657045124232	1657045124246	OK	 
REQUEST		add item 2	1657045124232	1657045124250	OK	 
REQUEST		add item 1	1657045124232	1657045124250	OK	 
REQUEST		add item 1	1657045124232	1657045124250	OK	 
REQUEST		add item 2	1657045124232	1657045124252	OK	 
REQUEST		get items	1657045124248	1657045124260	OK	 
REQUEST		get items	1657045124248	1657045124260	OK	 
REQUEST		get items	1657045124245	1657045124260	OK	 
REQUEST		get items	1657045124247	1657045124260	OK	 
REQUEST		get items	1657045124248	1657045124260	OK	 
REQUEST		get items	1657045124245	1657045124260	OK	 
REQUEST		get items	1657045124248	1657045124260	OK	 
REQUEST		get items	1657045124248	1657045124260	OK	 
REQUEST		get items	1657045124247	1657045124260	OK	 
REQUEST		get items	1657045124248	1657045124261	OK	 
REQUEST		get items	1657045124247	1657045124261	OK	 
REQUEST		get items	1657045124248	1657045124261	OK	 
REQUEST		get items	1657045124248	1657045124261	OK	 
REQUEST		get items	1657045124248	1657045124261	OK	 
REQUEST		get items	1657045124247	1657045124261	OK	 
REQUEST		get items	1657045124247	1657045124261	OK	 
REQUEST		get items	1657045124247	1657045124261	OK	 
REQUEST		add item 2	1657045124245	1657045124264	OK	 
REQUEST		add item 2	1657045124247	1657045124265	OK	 
REQUEST		add item 2	1657045124245	1657045124265	OK	 
REQUEST		add item 2	1657045124249	1657045124265	OK	 
REQUEST		add item 2	1657045124245	1657045124265	OK	 
REQUEST		add item 2	1657045124245	1657045124265	OK	 
REQUEST		add item 2	1657045124245	1657045124265	OK	 
REQUEST		add item 2	1657045124247	1657045124265	OK	 
REQUEST		add item 2	1657045124247	1657045124266	OK	 
REQUEST		add item 2	1657045124262	1657045124274	OK	 
REQUEST		add item 2	1657045124262	1657045124274	OK	 
REQUEST		add item 2	1657045124262	1657045124274	OK	 
REQUEST		add item 2	1657045124263	1657045124274	OK	 
REQUEST		add item 2	1657045124263	1657045124274	OK	 
REQUEST		add item 2	1657045124262	1657045124274	OK	 
REQUEST		add item 2	1657045124262	1657045124274	OK	 
REQUEST		add item 2	1657045124262	1657045124274	OK	 
REQUEST		add item 2	1657045124263	1657045124275	OK	 
REQUEST		add item 2	1657045124262	1657045124275	OK	 
REQUEST		add item 2	1657045124275	1657045124286	OK	 
REQUEST		add item 2	1657045124286	1657045124298	OK	 
REQUEST		get items	1657045124293	1657045124304	OK	 
REQUEST		get items	1657045124293	1657045124304	OK	 
REQUEST		get items	1657045124294	1657045124304	OK	 
REQUEST		get items	1657045124293	1657045124304	OK	 
REQUEST		get items	1657045124293	1657045124304	OK	 
REQUEST		get items	1657045124293	1657045124305	OK	 
REQUEST		get items	1657045124293	1657045124305	OK	 
REQUEST		get items	1657045124294	1657045124305	OK	 
REQUEST		get items	1657045124293	1657045124305	OK	 
REQUEST		get items	1657045124293	1657045124305	OK	 
REQUEST		get items	1657045124293	1657045124305	OK	 
REQUEST		get items	1657045124293	1657045124305	OK	 
REQUEST		get items	1657045124293	1657045124305	OK	 
REQUEST		get items	1657045124294	1657045124306	OK	 
REQUEST		get items	1657045124293	1657045124306	OK	 
REQUEST		get items	1657045124293	1657045124307	OK	 
REQUEST		get items	1657045124293	1657045124307	OK	 
REQUEST		add item 2	1657045124293	1657045124311	OK	 
REQUEST		add item 2	1657045124293	1657045124311	OK	 
REQUEST		get items	1657045124304	1657045124317	OK	 
REQUEST		get items	1657045124305	1657045124317	OK	 
REQUEST		get items	1657045124305	1657045124317	OK	 
REQUEST		get items	1657045124304	1657045124317	OK	 
REQUEST		get items	1657045124304	1657045124317	OK	 
REQUEST		get items	1657045124306	1657045124317	OK	 
REQUEST		get items	1657045124308	1657045124320	OK	 
REQUEST		get items	1657045124308	1657045124320	OK	 
REQUEST		get items	1657045124309	1657045124320	OK	 
REQUEST		get items	1657045124308	1657045124321	OK	 
REQUEST		get items	1657045124308	1657045124321	OK	 
REQUEST		get items	1657045124308	1657045124321	OK	 
REQUEST		add item 2	1657045124309	1657045124322	OK	 
REQUEST		add item 2	1657045124308	1657045124322	OK	 
REQUEST		add item 2	1657045124308	1657045124322	OK	 
REQUEST		add item 2	1657045124308	1657045124322	OK	 
REQUEST		add item 2	1657045124308	1657045124323	OK	 
REQUEST		add item 2	1657045124308	1657045124323	OK	 
REQUEST		add item 2	1657045124308	1657045124323	OK	 
REQUEST		add item 2	1657045124308	1657045124323	OK	 
REQUEST		add item 2	1657045124308	1657045124323	OK	 
REQUEST		add item 2	1657045124308	1657045124323	OK	 
REQUEST		add item 2	1657045124308	1657045124323	OK	 
REQUEST		get items	1657045124321	1657045124331	OK	 
REQUEST		get items	1657045124323	1657045124334	OK	 
REQUEST		get items	1657045124324	1657045124334	OK	 
REQUEST		get items	1657045124324	1657045124334	OK	 
REQUEST		get items	1657045124325	1657045124334	OK	 
REQUEST		get items	1657045124324	1657045124334	OK	 
REQUEST		get items	1657045124325	1657045124335	OK	 
REQUEST		get items	1657045124324	1657045124335	OK	 
REQUEST		get items	1657045124324	1657045124335	OK	 
REQUEST		get items	1657045124324	1657045124335	OK	 
REQUEST		get items	1657045124324	1657045124335	OK	 
REQUEST		add item 2	1657045124324	1657045124337	OK	 
REQUEST		add item 2	1657045124324	1657045124337	OK	 
REQUEST		add item 2	1657045124324	1657045124337	OK	 
REQUEST		add item 2	1657045124324	1657045124337	OK	 
REQUEST		add item 2	1657045124324	1657045124338	OK	 
REQUEST		add item 2	1657045124324	1657045124338	OK	 
REQUEST		add item 1	1657045124324	1657045124339	OK	 
REQUEST		get items	1657045124334	1657045124344	OK	 
REQUEST		get items	1657045124334	1657045124345	OK	 
REQUEST		get items	1657045124335	1657045124344	OK	 
REQUEST		get items	1657045124335	1657045124344	OK	 
REQUEST		get items	1657045124335	1657045124345	OK	 
REQUEST		get items	1657045124337	1657045124347	OK	 
REQUEST		get items	1657045124338	1657045124348	OK	 
REQUEST		get items	1657045124339	1657045124348	OK	 
REQUEST		get items	1657045124339	1657045124349	OK	 
REQUEST		get items	1657045124339	1657045124349	OK	 
REQUEST		get items	1657045124339	1657045124349	OK	 
REQUEST		add item 1	1657045124334	1657045124349	OK	 
REQUEST		add item 2	1657045124334	1657045124349	OK	 
REQUEST		add item 2	1657045124337	1657045124351	OK	 
REQUEST		add item 2	1657045124339	1657045124351	OK	 
REQUEST		add item 1	1657045124339	1657045124352	OK	 
REQUEST		add item 1	1657045124339	1657045124352	OK	 
REQUEST		add item 1	1657045124339	1657045124352	OK	 
REQUEST		get items	1657045124354	1657045124363	OK	 
REQUEST		get items	1657045124354	1657045124363	OK	 
REQUEST		get items	1657045124354	1657045124363	OK	 
REQUEST		get items	1657045124354	1657045124363	OK	 
REQUEST		get items	1657045124354	1657045124363	OK	 
REQUEST		get items	1657045124354	1657045124363	OK	 
REQUEST		get items	1657045124354	1657045124363	OK	 
REQUEST		get items	1657045124354	1657045124363	OK	 
REQUEST		get items	1657045124354	1657045124363	OK	 
REQUEST		get items	1657045124354	1657045124363	OK	 
REQUEST		get items	1657045124354	1657045124363	OK	 
REQUEST		get items	1657045124354	1657045124363	OK	 
REQUEST		add item 2	1657045124354	1657045124366	OK	 
REQUEST		add item 2	1657045124354	1657045124366	OK	 
REQUEST		add item 2	1657045124354	1657045124366	OK	 
REQUEST		add item 2	1657045124354	1657045124366	OK	 
REQUEST		add item 2	1657045124354	1657045124367	OK	 
REQUEST		get items	1657045124363	1657045124372	OK	 
REQUEST		get items	1657045124363	1657045124372	OK	 
REQUEST		get items	1657045124363	1657045124372	OK	 
REQUEST		get items	1657045124363	1657045124372	OK	 
REQUEST		get items	1657045124363	1657045124372	OK	 
REQUEST		get items	1657045124363	1657045124373	OK	 
REQUEST		get items	1657045124367	1657045124377	OK	 
REQUEST		get items	1657045124367	1657045124377	OK	 
REQUEST		get items	1657045124370	1657045124379	OK	 
REQUEST		get items	1657045124370	1657045124378	OK	 
REQUEST		get items	1657045124369	1657045124379	OK	 
REQUEST		get items	1657045124370	1657045124379	OK	 
REQUEST		get items	1657045124370	1657045124379	OK	 
REQUEST		get items	1657045124370	1657045124379	OK	 
REQUEST		get items	1657045124369	1657045124379	OK	 
REQUEST		get items	1657045124370	1657045124379	OK	 
REQUEST		get items	1657045124370	1657045124379	OK	 
REQUEST		get items	1657045124369	1657045124379	OK	 
REQUEST		add item 2	1657045124367	1657045124380	OK	 
REQUEST		add item 2	1657045124370	1657045124381	OK	 
REQUEST		add item 2	1657045124369	1657045124381	OK	 
REQUEST		add item 2	1657045124370	1657045124381	OK	 
REQUEST		add item 2	1657045124369	1657045124381	OK	 
REQUEST		get items	1657045124380	1657045124386	OK	 
REQUEST		get items	1657045124380	1657045124386	OK	 
REQUEST		get items	1657045124379	1657045124388	OK	 
REQUEST		add item 2	1657045124381	1657045124394	OK	 
REQUEST		get items	1657045124385	1657045124395	OK	 
REQUEST		get items	1657045124385	1657045124395	OK	 
REQUEST		get items	1657045124385	1657045124395	OK	 
REQUEST		get items	1657045124385	1657045124396	OK	 
REQUEST		get items	1657045124385	1657045124396	OK	 
REQUEST		get items	1657045124385	1657045124396	OK	 
REQUEST		get items	1657045124385	1657045124396	OK	 
REQUEST		get items	1657045124385	1657045124396	OK	 
REQUEST		get items	1657045124384	1657045124396	OK	 
REQUEST		get items	1657045124384	1657045124396	OK	 
REQUEST		get items	1657045124384	1657045124396	OK	 
REQUEST		get items	1657045124385	1657045124396	OK	 
REQUEST		get items	1657045124385	1657045124396	OK	 
REQUEST		get items	1657045124384	1657045124396	OK	 
REQUEST		get items	1657045124385	1657045124398	OK	 
REQUEST		get items	1657045124384	1657045124398	OK	 
REQUEST		add item 2	1657045124385	1657045124398	OK	 
REQUEST		add item 2	1657045124385	1657045124398	OK	 
REQUEST		add item 2	1657045124385	1657045124399	OK	 
REQUEST		add item 2	1657045124384	1657045124399	OK	 
REQUEST		add item 2	1657045124385	1657045124399	OK	 
REQUEST		add item 2	1657045124385	1657045124399	OK	 
REQUEST		get items	1657045124396	1657045124403	OK	 
REQUEST		get items	1657045124396	1657045124404	OK	 
REQUEST		get items	1657045124396	1657045124404	OK	 
REQUEST		get items	1657045124399	1657045124407	OK	 
REQUEST		get items	1657045124399	1657045124407	OK	 
REQUEST		get items	1657045124399	1657045124407	OK	 
REQUEST		get items	1657045124399	1657045124407	OK	 
REQUEST		get items	1657045124398	1657045124407	OK	 
REQUEST		get items	1657045124399	1657045124407	OK	 
REQUEST		add item 2	1657045124399	1657045124409	OK	 
REQUEST		add item 2	1657045124399	1657045124410	OK	 
REQUEST		add item 2	1657045124399	1657045124410	OK	 
REQUEST		add item 2	1657045124399	1657045124410	OK	 
REQUEST		add item 2	1657045124399	1657045124410	OK	 
REQUEST		get items	1657045124410	1657045124416	OK	 
REQUEST		get items	1657045124410	1657045124416	OK	 
REQUEST		add item 2	1657045124407	1657045124420	OK	 
REQUEST		add item 2	1657045124410	1657045124429	OK	 
REQUEST		get items	1657045124416	1657045124435	OK	 
REQUEST		get items	1657045124416	1657045124435	OK	 
REQUEST		get items	1657045124416	1657045124435	OK	 
REQUEST		get items	1657045124416	1657045124439	OK	 
REQUEST		get items	1657045124418	1657045124439	OK	 
REQUEST		get items	1657045124416	1657045124439	OK	 
REQUEST		get items	1657045124430	1657045124443	OK	 
REQUEST		get items	1657045124431	1657045124443	OK	 
REQUEST		get items	1657045124431	1657045124443	OK	 
REQUEST		get items	1657045124431	1657045124443	OK	 
REQUEST		get items	1657045124430	1657045124443	OK	 
REQUEST		get items	1657045124431	1657045124443	OK	 
REQUEST		get items	1657045124431	1657045124444	OK	 
REQUEST		get items	1657045124431	1657045124444	OK	 
REQUEST		get items	1657045124432	1657045124444	OK	 
REQUEST		get items	1657045124430	1657045124444	OK	 
REQUEST		get items	1657045124431	1657045124444	OK	 
REQUEST		get items	1657045124431	1657045124445	OK	 
REQUEST		get items	1657045124430	1657045124445	OK	 
REQUEST		checkout	1657045124416	1657045124448	OK	 
REQUEST		checkout	1657045124416	1657045124448	OK	 
REQUEST		checkout	1657045124416	1657045124448	OK	 
REQUEST		checkout	1657045124416	1657045124448	OK	 
REQUEST		checkout	1657045124416	1657045124448	OK	 
REQUEST		checkout	1657045124416	1657045124448	OK	 
REQUEST		checkout	1657045124418	1657045124448	OK	 
REQUEST		checkout	1657045124418	1657045124448	OK	 
REQUEST		checkout	1657045124416	1657045124449	OK	 
REQUEST		checkout	1657045124418	1657045124453	OK	 
REQUEST		checkout	1657045124416	1657045124453	OK	 
REQUEST		checkout	1657045124416	1657045124454	OK	 
REQUEST		get items	1657045124444	1657045124459	OK	 
REQUEST		checkout	1657045124418	1657045124459	OK	 
REQUEST		checkout	1657045124418	1657045124459	OK	 
REQUEST		checkout	1657045124416	1657045124461	OK	 
REQUEST		checkout	1657045124416	1657045124461	OK	 
REQUEST		checkout	1657045124418	1657045124462	OK	 
REQUEST		get items	1657045124460	1657045124475	OK	 
REQUEST		get items	1657045124461	1657045124477	OK	 
REQUEST		checkout	1657045124461	1657045124491	OK	 
REQUEST		checkout	1657045124461	1657045124491	OK	 
REQUEST		checkout	1657045124462	1657045124491	OK	 
REQUEST		checkout	1657045124461	1657045124491	OK	 
REQUEST		checkout	1657045124461	1657045124491	OK	 
REQUEST		checkout	1657045124461	1657045124494	OK	 
REQUEST		checkout	1657045124461	1657045124501	OK	 
REQUEST		checkout	1657045124460	1657045124501	OK	 
REQUEST		checkout	1657045124461	1657045124501	OK	 
REQUEST		checkout	1657045124462	1657045124502	OK	 
REQUEST		checkout	1657045124461	1657045124502	OK	 
REQUEST		checkout	1657045124462	1657045124502	OK	 
REQUEST		checkout	1657045124462	1657045124502	OK	 
REQUEST		checkout	1657045124461	1657045124503	OK	 
REQUEST		checkout	1657045124462	1657045124504	OK	 
REQUEST		checkout	1657045124462	1657045124505	OK	 
REQUEST		checkout	1657045124477	1657045124514	OK	 
REQUEST		checkout	1657045124477	1657045124520	OK	 
REQUEST		checkout	1657045124478	1657045124520	OK	 
REQUEST		checkout	1657045124477	1657045124520	OK	 
REQUEST		checkout	1657045124478	1657045124520	OK	 
REQUEST		checkout	1657045124477	1657045124533	OK	 
REQUEST		checkout	1657045124461	1657045124538	OK	 
REQUEST		checkout	1657045124492	1657045124542	OK	 
REQUEST		checkout	1657045124492	1657045124544	OK	 
REQUEST		checkout	1657045124478	1657045124545	OK	 
REQUEST		checkout	1657045124477	1657045124548	OK	 
REQUEST		checkout	1657045124492	1657045124551	OK	 
REQUEST		checkout	1657045124477	1657045124551	OK	 
REQUEST		checkout	1657045124524	1657045124552	OK	 
REQUEST		checkout	1657045124507	1657045124553	OK	 
REQUEST		checkout	1657045124525	1657045124558	OK	 
REQUEST		checkout	1657045124507	1657045124561	OK	 
REQUEST		checkout	1657045124502	1657045124561	OK	 
REQUEST		checkout	1657045124492	1657045124563	OK	 
REQUEST		checkout	1657045124524	1657045124566	OK	 
REQUEST		get items	1657045124477	1657045124576	OK	 
REQUEST		get items	1657045124477	1657045124577	OK	 
REQUEST		get items	1657045124477	1657045124577	OK	 
REQUEST		get items	1657045124477	1657045124577	OK	 
REQUEST		get items	1657045124477	1657045124577	OK	 
REQUEST		get items	1657045124477	1657045124577	OK	 
REQUEST		get items	1657045124477	1657045124577	OK	 
REQUEST		get items	1657045124477	1657045124577	OK	 
REQUEST		get items	1657045124478	1657045124578	OK	 
REQUEST		get items	1657045124477	1657045124580	OK	 
REQUEST		get items	1657045124491	1657045124580	OK	 
REQUEST		get items	1657045124492	1657045124580	OK	 
REQUEST		get items	1657045124493	1657045124580	OK	 
REQUEST		get items	1657045124492	1657045124580	OK	 
REQUEST		get items	1657045124494	1657045124580	OK	 
REQUEST		get items	1657045124502	1657045124581	OK	 
REQUEST		get items	1657045124508	1657045124581	OK	 
REQUEST		get items	1657045124507	1657045124581	OK	 
REQUEST		get items	1657045124520	1657045124581	OK	 
REQUEST		get items	1657045124526	1657045124581	OK	 
REQUEST		get items	1657045124526	1657045124581	OK	 
REQUEST		get items	1657045124539	1657045124581	OK	 
REQUEST		get items	1657045124477	1657045124581	OK	 
REQUEST		get items	1657045124526	1657045124582	OK	 
REQUEST		get items	1657045124493	1657045124582	OK	 
REQUEST		get items	1657045124477	1657045124582	OK	 
REQUEST		get items	1657045124539	1657045124582	OK	 
REQUEST		get items	1657045124554	1657045124582	OK	 
REQUEST		get items	1657045124524	1657045124582	OK	 
REQUEST		get items	1657045124539	1657045124582	OK	 
REQUEST		get items	1657045124556	1657045124582	OK	 
REQUEST		get items	1657045124554	1657045124582	OK	 
REQUEST		get items	1657045124554	1657045124582	OK	 
REQUEST		get items	1657045124554	1657045124582	OK	 
REQUEST		get items	1657045124539	1657045124582	OK	 
REQUEST		get items	1657045124555	1657045124583	OK	 
REQUEST		get items	1657045124555	1657045124583	OK	 
REQUEST		get items	1657045124554	1657045124583	OK	 
REQUEST		get items	1657045124569	1657045124585	OK	 
REQUEST		get items	1657045124569	1657045124585	OK	 
REQUEST		add item 2	1657045124492	1657045124585	OK	 
REQUEST		get items	1657045124570	1657045124585	OK	 
REQUEST		get items	1657045124569	1657045124585	OK	 
REQUEST		add item 2	1657045124508	1657045124585	OK	 
REQUEST		add item 2	1657045124507	1657045124585	OK	 
REQUEST		add item 2	1657045124508	1657045124585	OK	 
REQUEST		add item 2	1657045124507	1657045124586	OK	 
REQUEST		checkout	1657045124477	1657045124590	OK	 
REQUEST		checkout	1657045124492	1657045124590	OK	 
REQUEST		checkout	1657045124478	1657045124590	OK	 
REQUEST		checkout	1657045124502	1657045124595	OK	 
REQUEST		get items	1657045124569	1657045124596	OK	 
REQUEST		checkout	1657045124492	1657045124598	OK	 
REQUEST		checkout	1657045124552	1657045124599	OK	 
REQUEST		checkout	1657045124502	1657045124599	OK	 
REQUEST		checkout	1657045124493	1657045124599	OK	 
REQUEST		checkout	1657045124538	1657045124602	OK	 
REQUEST		checkout	1657045124508	1657045124606	OK	 
REQUEST		checkout	1657045124492	1657045124606	OK	 
REQUEST		get delivery infomation	1657045124600	1657045124613	OK	 
REQUEST		checkout	1657045124538	1657045124613	OK	 
REQUEST		checkout	1657045124524	1657045124614	OK	 
REQUEST		checkout	1657045124526	1657045124614	OK	 
REQUEST		checkout	1657045124521	1657045124614	OK	 
REQUEST		get delivery infomation	1657045124599	1657045124617	OK	 
REQUEST		get delivery infomation	1657045124600	1657045124617	OK	 
REQUEST		checkout	1657045124492	1657045124618	OK	 
REQUEST		get delivery infomation	1657045124600	1657045124620	OK	 
REQUEST		get delivery infomation	1657045124600	1657045124620	OK	 
REQUEST		get delivery infomation	1657045124600	1657045124621	OK	 
REQUEST		get delivery infomation	1657045124601	1657045124621	OK	 
REQUEST		get delivery infomation	1657045124599	1657045124621	OK	 
REQUEST		get delivery infomation	1657045124600	1657045124623	OK	 
REQUEST		get delivery infomation	1657045124615	1657045124624	OK	 
REQUEST		get delivery infomation	1657045124615	1657045124624	OK	 
REQUEST		get delivery infomation	1657045124615	1657045124624	OK	 
REQUEST		get delivery infomation	1657045124615	1657045124624	OK	 
REQUEST		get delivery infomation	1657045124615	1657045124624	OK	 
REQUEST		get delivery infomation	1657045124615	1657045124624	OK	 
REQUEST		get delivery infomation	1657045124615	1657045124625	OK	 
REQUEST		get delivery infomation	1657045124615	1657045124625	OK	 
REQUEST		checkout	1657045124493	1657045124629	OK	 
REQUEST		checkout	1657045124525	1657045124629	OK	 
REQUEST		checkout	1657045124507	1657045124629	OK	 
REQUEST		checkout	1657045124554	1657045124629	OK	 
REQUEST		checkout	1657045124554	1657045124629	OK	 
REQUEST		get items	1657045124585	1657045124631	OK	 
REQUEST		get items	1657045124585	1657045124632	OK	 
REQUEST		checkout	1657045124524	1657045124648	OK	 
REQUEST		checkout	1657045124564	1657045124648	OK	 
REQUEST		checkout	1657045124538	1657045124648	OK	 
REQUEST		checkout	1657045124502	1657045124648	OK	 
REQUEST		checkout	1657045124538	1657045124648	OK	 
REQUEST		checkout	1657045124477	1657045124652	OK	 
REQUEST		checkout	1657045124539	1657045124652	OK	 
REQUEST		checkout	1657045124538	1657045124652	OK	 
REQUEST		checkout	1657045124492	1657045124652	OK	 
REQUEST		checkout	1657045124524	1657045124653	OK	 
REQUEST		get delivery infomation	1657045124645	1657045124655	OK	 
REQUEST		get delivery infomation	1657045124645	1657045124655	OK	 
REQUEST		get delivery infomation	1657045124645	1657045124655	OK	 
REQUEST		get delivery infomation	1657045124645	1657045124655	OK	 
REQUEST		get delivery infomation	1657045124645	1657045124655	OK	 
REQUEST		get delivery infomation	1657045124645	1657045124655	OK	 
REQUEST		checkout	1657045124507	1657045124656	OK	 
REQUEST		checkout	1657045124554	1657045124656	OK	 
REQUEST		checkout	1657045124569	1657045124660	OK	 
REQUEST		checkout	1657045124538	1657045124660	OK	 
REQUEST		checkout	1657045124524	1657045124660	OK	 
REQUEST		checkout	1657045124569	1657045124661	OK	 
REQUEST		checkout	1657045124552	1657045124664	OK	 
REQUEST		get delivery infomation	1657045124655	1657045124664	OK	 
REQUEST		get delivery infomation	1657045124655	1657045124664	OK	 
REQUEST		get delivery infomation	1657045124656	1657045124664	OK	 
REQUEST		get delivery infomation	1657045124655	1657045124664	OK	 
REQUEST		checkout	1657045124507	1657045124668	OK	 
REQUEST		checkout	1657045124556	1657045124668	OK	 
REQUEST		checkout	1657045124526	1657045124668	OK	 
REQUEST		checkout	1657045124526	1657045124668	OK	 
REQUEST		checkout	1657045124600	1657045124668	OK	 
REQUEST		checkout	1657045124600	1657045124668	OK	 
REQUEST		get delivery infomation	1657045124661	1657045124670	OK	 
REQUEST		get delivery infomation	1657045124661	1657045124670	OK	 
REQUEST		get delivery infomation	1657045124661	1657045124670	OK	 
REQUEST		get delivery infomation	1657045124661	1657045124670	OK	 
REQUEST		get delivery infomation	1657045124661	1657045124671	OK	 
REQUEST		get delivery infomation	1657045124661	1657045124672	OK	 
REQUEST		checkout	1657045124507	1657045124676	OK	 
REQUEST		checkout	1657045124538	1657045124676	OK	 
REQUEST		checkout	1657045124526	1657045124676	OK	 
REQUEST		checkout	1657045124554	1657045124676	OK	 
REQUEST		checkout	1657045124539	1657045124676	OK	 
REQUEST		checkout	1657045124585	1657045124676	OK	 
REQUEST		checkout	1657045124615	1657045124677	OK	 
REQUEST		checkout	1657045124600	1657045124679	OK	 
REQUEST		get delivery infomation	1657045124676	1657045124684	OK	 
REQUEST		get delivery infomation	1657045124676	1657045124684	OK	 
REQUEST		get delivery infomation	1657045124676	1657045124684	OK	 
REQUEST		get delivery infomation	1657045124676	1657045124684	OK	 
REQUEST		get delivery infomation	1657045124676	1657045124684	OK	 
REQUEST		checkout	1657045124555	1657045124687	OK	 
REQUEST		checkout	1657045124554	1657045124687	OK	 
REQUEST		checkout	1657045124630	1657045124687	OK	 
REQUEST		checkout	1657045124569	1657045124687	OK	 
REQUEST		checkout	1657045124547	1657045124689	OK	 
REQUEST		checkout	1657045124600	1657045124698	OK	 
REQUEST		checkout	1657045124554	1657045124698	OK	 
REQUEST		checkout	1657045124599	1657045124698	OK	 
REQUEST		checkout	1657045124585	1657045124698	OK	 
REQUEST		checkout	1657045124569	1657045124698	OK	 
REQUEST		checkout	1657045124538	1657045124698	OK	 
REQUEST		checkout	1657045124539	1657045124700	OK	 
REQUEST		get delivery infomation	1657045124692	1657045124700	OK	 
REQUEST		get delivery infomation	1657045124692	1657045124700	OK	 
REQUEST		checkout	1657045124600	1657045124704	OK	 
REQUEST		checkout	1657045124599	1657045124704	OK	 
REQUEST		checkout	1657045124599	1657045124705	OK	 
REQUEST		checkout	1657045124554	1657045124705	OK	 
REQUEST		checkout	1657045124555	1657045124707	OK	 
REQUEST		checkout	1657045124554	1657045124707	OK	 
REQUEST		checkout	1657045124539	1657045124707	OK	 
REQUEST		checkout	1657045124555	1657045124708	OK	 
REQUEST		checkout	1657045124540	1657045124711	OK	 
REQUEST		checkout	1657045124600	1657045124711	OK	 
REQUEST		checkout	1657045124600	1657045124711	OK	 
REQUEST		checkout	1657045124599	1657045124715	OK	 
REQUEST		checkout	1657045124554	1657045124715	OK	 
REQUEST		get delivery infomation	1657045124707	1657045124715	OK	 
REQUEST		get delivery infomation	1657045124707	1657045124715	OK	 
REQUEST		get delivery infomation	1657045124707	1657045124715	OK	 
REQUEST		get delivery infomation	1657045124707	1657045124715	OK	 
REQUEST		get delivery infomation	1657045124707	1657045124715	OK	 
REQUEST		get delivery infomation	1657045124707	1657045124716	OK	 
REQUEST		get delivery infomation	1657045124707	1657045124716	OK	 
REQUEST		checkout	1657045124554	1657045124718	OK	 
REQUEST		checkout	1657045124596	1657045124718	OK	 
REQUEST		checkout	1657045124569	1657045124718	OK	 
REQUEST		checkout	1657045124599	1657045124718	OK	 
REQUEST		checkout	1657045124600	1657045124718	OK	 
REQUEST		checkout	1657045124555	1657045124721	OK	 
REQUEST		checkout	1657045124599	1657045124721	OK	 
REQUEST		checkout	1657045124524	1657045124721	OK	 
REQUEST		checkout	1657045124555	1657045124721	OK	 
REQUEST		get delivery infomation	1657045124707	1657045124721	OK	 
REQUEST		checkout	1657045124521	1657045124726	OK	 
REQUEST		checkout	1657045124569	1657045124726	OK	 
REQUEST		get delivery infomation	1657045124716	1657045124726	OK	 
REQUEST		checkout	1657045124569	1657045124728	OK	 
REQUEST		checkout	1657045124539	1657045124728	OK	 
REQUEST		get delivery infomation	1657045124718	1657045124728	OK	 
REQUEST		checkout	1657045124524	1657045124728	OK	 
REQUEST		checkout	1657045124600	1657045124728	OK	 
REQUEST		get delivery infomation	1657045124723	1657045124732	OK	 
REQUEST		get delivery infomation	1657045124723	1657045124732	OK	 
REQUEST		get delivery infomation	1657045124723	1657045124732	OK	 
REQUEST		checkout	1657045124526	1657045124733	OK	 
REQUEST		checkout	1657045124599	1657045124736	OK	 
REQUEST		checkout	1657045124554	1657045124736	OK	 
REQUEST		checkout	1657045124554	1657045124736	OK	 
REQUEST		checkout	1657045124630	1657045124746	OK	 
REQUEST		get delivery infomation	1657045124753	1657045124765	OK	 
REQUEST		get delivery infomation	1657045124753	1657045124768	OK	 
USER	Scenario Name	END	1657045124771
USER	Scenario Name	END	1657045124771
USER	Scenario Name	END	1657045124771
REQUEST		get delivery infomation	1657045124753	1657045124773	OK	 
REQUEST		get delivery infomation	1657045124753	1657045124773	OK	 
REQUEST		get delivery infomation	1657045124753	1657045124776	OK	 
REQUEST		get delivery infomation	1657045124753	1657045124776	OK	 
USER	Scenario Name	END	1657045124776
REQUEST		get delivery infomation	1657045124768	1657045124777	OK	 
USER	Scenario Name	END	1657045124778
USER	Scenario Name	END	1657045124778
REQUEST		get delivery infomation	1657045124768	1657045124778	OK	 
REQUEST		get delivery infomation	1657045124768	1657045124778	OK	 
REQUEST		checkout	1657045124738	1657045124778	OK	 
REQUEST		checkout	1657045124728	1657045124778	OK	 
REQUEST		get delivery infomation	1657045124753	1657045124782	OK	 
REQUEST		get delivery infomation	1657045124768	1657045124782	OK	 
REQUEST		get delivery infomation	1657045124768	1657045124782	OK	 
USER	Scenario Name	END	1657045124784
USER	Scenario Name	END	1657045124784
USER	Scenario Name	END	1657045124784
USER	Scenario Name	END	1657045124784
USER	Scenario Name	END	1657045124784
USER	Scenario Name	END	1657045124784
USER	Scenario Name	END	1657045124784
USER	Scenario Name	END	1657045124784
USER	Scenario Name	END	1657045124784
USER	Scenario Name	END	1657045124784
USER	Scenario Name	END	1657045124786
REQUEST		checkout	1657045124732	1657045124788	OK	 
REQUEST		checkout	1657045124732	1657045124791	OK	 
REQUEST		get delivery infomation	1657045124782	1657045124792	OK	 
REQUEST		get delivery infomation	1657045124784	1657045124792	OK	 
REQUEST		checkout	1657045124738	1657045124793	OK	 
REQUEST		checkout	1657045124728	1657045124793	OK	 
REQUEST		checkout	1657045124738	1657045124793	OK	 
REQUEST		get delivery infomation	1657045124784	1657045124797	OK	 
REQUEST		get delivery infomation	1657045124784	1657045124797	OK	 
REQUEST		get delivery infomation	1657045124784	1657045124797	OK	 
REQUEST		get delivery infomation	1657045124753	1657045124802	OK	 
REQUEST		checkout	1657045124738	1657045124804	OK	 
REQUEST		checkout	1657045124739	1657045124804	OK	 
REQUEST		get delivery infomation	1657045124753	1657045124804	OK	 
REQUEST		get delivery infomation	1657045124799	1657045124808	OK	 
REQUEST		get delivery infomation	1657045124768	1657045124808	OK	 
REQUEST		checkout	1657045124738	1657045124808	OK	 
REQUEST		get delivery infomation	1657045124784	1657045124809	OK	 
REQUEST		get delivery infomation	1657045124799	1657045124810	OK	 
REQUEST		checkout	1657045124739	1657045124810	OK	 
USER	Scenario Name	END	1657045124811
REQUEST		checkout	1657045124738	1657045124811	OK	 
REQUEST		get delivery infomation	1657045124804	1657045124813	OK	 
REQUEST		get delivery infomation	1657045124799	1657045124813	OK	 
REQUEST		get delivery infomation	1657045124799	1657045124813	OK	 
USER	Scenario Name	END	1657045124814
USER	Scenario Name	END	1657045124814
USER	Scenario Name	END	1657045124814
USER	Scenario Name	END	1657045124814
USER	Scenario Name	END	1657045124814
USER	Scenario Name	END	1657045124815
USER	Scenario Name	END	1657045124815
USER	Scenario Name	END	1657045124815
USER	Scenario Name	END	1657045124816
REQUEST		checkout	1657045124739	1657045124818	OK	 
REQUEST		checkout	1657045124738	1657045124820	OK	 
REQUEST		checkout	1657045124738	1657045124820	OK	 
REQUEST		get delivery infomation	1657045124808	1657045124820	OK	 
REQUEST		get delivery infomation	1657045124814	1657045124824	OK	 
REQUEST		get delivery infomation	1657045124814	1657045124824	OK	 
REQUEST		get delivery infomation	1657045124814	1657045124824	OK	 
REQUEST		get delivery infomation	1657045124814	1657045124824	OK	 
REQUEST		get delivery infomation	1657045124814	1657045124824	OK	 
REQUEST		get delivery infomation	1657045124814	1657045124824	OK	 
REQUEST		get delivery infomation	1657045124814	1657045124824	OK	 
USER	Scenario Name	END	1657045124825
USER	Scenario Name	END	1657045124825
REQUEST		get delivery infomation	1657045124814	1657045124826	OK	 
REQUEST		get delivery infomation	1657045124814	1657045124827	OK	 
REQUEST		get delivery infomation	1657045124814	1657045124828	OK	 
REQUEST		get delivery infomation	1657045124820	1657045124832	OK	 
REQUEST		checkout	1657045124753	1657045124836	OK	 
REQUEST		checkout	1657045124739	1657045124836	OK	 
REQUEST		get delivery infomation	1657045124824	1657045124836	OK	 
REQUEST		checkout	1657045124738	1657045124836	OK	 
REQUEST		checkout	1657045124738	1657045124837	OK	 
REQUEST		checkout	1657045124739	1657045124837	OK	 
REQUEST		checkout	1657045124738	1657045124837	OK	 
REQUEST		checkout	1657045124738	1657045124837	OK	 
REQUEST		get delivery infomation	1657045124829	1657045124838	OK	 
REQUEST		get delivery infomation	1657045124824	1657045124838	OK	 
REQUEST		checkout	1657045124738	1657045124838	OK	 
REQUEST		checkout	1657045124738	1657045124841	OK	 
REQUEST		checkout	1657045124784	1657045124841	OK	 
REQUEST		checkout	1657045124738	1657045124841	OK	 
USER	Scenario Name	END	1657045124829
REQUEST		checkout	1657045124738	1657045124841	OK	 
USER	Scenario Name	END	1657045124829
USER	Scenario Name	END	1657045124829
USER	Scenario Name	END	1657045124830
USER	Scenario Name	END	1657045124837
REQUEST		checkout	1657045124738	1657045124841	OK	 
REQUEST		get delivery infomation	1657045124829	1657045124842	OK	 
REQUEST		get delivery infomation	1657045124829	1657045124842	OK	 
REQUEST		get delivery infomation	1657045124829	1657045124842	OK	 
REQUEST		get delivery infomation	1657045124829	1657045124843	OK	 
USER	Scenario Name	END	1657045124843
USER	Scenario Name	END	1657045124844
USER	Scenario Name	END	1657045124844
USER	Scenario Name	END	1657045124845
REQUEST		checkout	1657045124738	1657045124845	OK	 
REQUEST		checkout	1657045124738	1657045124845	OK	 
REQUEST		checkout	1657045124784	1657045124845	OK	 
REQUEST		checkout	1657045124738	1657045124846	OK	 
REQUEST		get delivery infomation	1657045124829	1657045124849	OK	 
REQUEST		get delivery infomation	1657045124829	1657045124849	OK	 
REQUEST		get delivery infomation	1657045124829	1657045124849	OK	 
REQUEST		get delivery infomation	1657045124829	1657045124849	OK	 
REQUEST		get delivery infomation	1657045124829	1657045124850	OK	 
REQUEST		get delivery infomation	1657045124844	1657045124853	OK	 
REQUEST		get delivery infomation	1657045124842	1657045124853	OK	 
REQUEST		get delivery infomation	1657045124844	1657045124853	OK	 
REQUEST		get delivery infomation	1657045124845	1657045124852	OK	 
REQUEST		get delivery infomation	1657045124845	1657045124853	OK	 
REQUEST		get delivery infomation	1657045124829	1657045124852	OK	 
REQUEST		get delivery infomation	1657045124841	1657045124852	OK	 
REQUEST		checkout	1657045124739	1657045124856	OK	 
REQUEST		checkout	1657045124738	1657045124856	OK	 
REQUEST		checkout	1657045124738	1657045124856	OK	 
REQUEST		checkout	1657045124738	1657045124856	OK	 
REQUEST		checkout	1657045124738	1657045124857	OK	 
REQUEST		checkout	1657045124738	1657045124859	OK	 
REQUEST		checkout	1657045124738	1657045124859	OK	 
REQUEST		get delivery infomation	1657045124850	1657045124863	OK	 
REQUEST		get delivery infomation	1657045124853	1657045124865	OK	 
USER	Scenario Name	END	1657045124860
USER	Scenario Name	END	1657045124860
REQUEST		get delivery infomation	1657045124857	1657045124866	OK	 
REQUEST		get delivery infomation	1657045124859	1657045124866	OK	 
REQUEST		get delivery infomation	1657045124859	1657045124866	OK	 
REQUEST		get delivery infomation	1657045124859	1657045124866	OK	 
REQUEST		get delivery infomation	1657045124859	1657045124866	OK	 
REQUEST		get delivery infomation	1657045124859	1657045124866	OK	 
REQUEST		get delivery infomation	1657045124857	1657045124866	OK	 
REQUEST		get delivery infomation	1657045124860	1657045124867	OK	 
REQUEST		get delivery infomation	1657045124859	1657045124867	OK	 
REQUEST		get delivery infomation	1657045124860	1657045124867	OK	 
REQUEST		get delivery infomation	1657045124860	1657045124867	OK	 
USER	Scenario Name	END	1657045124867
REQUEST		get delivery infomation	1657045124860	1657045124868	OK	 
REQUEST		get delivery infomation	1657045124860	1657045124870	OK	 
REQUEST		checkout	1657045124738	1657045124870	OK	 
REQUEST		get items	1657045124739	1657045124872	OK	 
REQUEST		get items	1657045124739	1657045124875	OK	 
REQUEST		get items	1657045124739	1657045124875	OK	 
REQUEST		get items	1657045124738	1657045124875	OK	 
REQUEST		get items	1657045124738	1657045124876	OK	 
USER	Scenario Name	END	1657045124875
USER	Scenario Name	END	1657045124875
USER	Scenario Name	END	1657045124875
USER	Scenario Name	END	1657045124875
USER	Scenario Name	END	1657045124875
USER	Scenario Name	END	1657045124875
USER	Scenario Name	END	1657045124875
REQUEST		get delivery infomation	1657045124869	1657045124877	OK	 
REQUEST		get delivery infomation	1657045124867	1657045124877	OK	 
REQUEST		get delivery infomation	1657045124875	1657045124880	OK	 
REQUEST		get delivery infomation	1657045124875	1657045124880	OK	 
REQUEST		get delivery infomation	1657045124875	1657045124880	OK	 
REQUEST		get delivery infomation	1657045124875	1657045124880	OK	 
REQUEST		get delivery infomation	1657045124875	1657045124880	OK	 
REQUEST		get delivery infomation	1657045124873	1657045124880	OK	 
REQUEST		get delivery infomation	1657045124875	1657045124880	OK	 
REQUEST		get delivery infomation	1657045124875	1657045124880	OK	 
REQUEST		get delivery infomation	1657045124875	1657045124881	OK	 
REQUEST		get delivery infomation	1657045124875	1657045124881	OK	 
REQUEST		get delivery infomation	1657045124877	1657045124881	OK	 
REQUEST		get delivery infomation	1657045124875	1657045124881	OK	 
USER	Scenario Name	END	1657045124882
REQUEST		get delivery infomation	1657045124875	1657045124882	OK	 
REQUEST		checkout	1657045124738	1657045124886	OK	 
REQUEST		get delivery infomation	1657045124880	1657045124887	OK	 
REQUEST		checkout	1657045124738	1657045124888	OK	 
REQUEST		checkout	1657045124738	1657045124888	OK	 
REQUEST		checkout	1657045124738	1657045124888	OK	 
REQUEST		checkout	1657045124739	1657045124889	OK	 
USER	Scenario Name	END	1657045124890
USER	Scenario Name	END	1657045124890
USER	Scenario Name	END	1657045124890
USER	Scenario Name	END	1657045124890
REQUEST		get delivery infomation	1657045124889	1657045124896	OK	 
REQUEST		get delivery infomation	1657045124889	1657045124896	OK	 
REQUEST		get delivery infomation	1657045124889	1657045124896	OK	 
REQUEST		get delivery infomation	1657045124890	1657045124896	OK	 
REQUEST		get delivery infomation	1657045124889	1657045124896	OK	 
REQUEST		get delivery infomation	1657045124890	1657045124898	OK	 
REQUEST		get delivery infomation	1657045124889	1657045124898	OK	 
REQUEST		get delivery infomation	1657045124889	1657045124898	OK	 
REQUEST		get delivery infomation	1657045124906	1657045124912	OK	 
USER	Scenario Name	END	1657045124921
USER	Scenario Name	END	1657045124921
USER	Scenario Name	END	1657045124937
USER	Scenario Name	END	1657045124937
USER	Scenario Name	END	1657045124937
USER	Scenario Name	END	1657045124937
USER	Scenario Name	END	1657045124937
USER	Scenario Name	END	1657045124937
USER	Scenario Name	END	1657045124937
USER	Scenario Name	END	1657045124937
USER	Scenario Name	END	1657045124937
USER	Scenario Name	END	1657045124937
REQUEST		get delivery infomation	1657045124937	1657045124942	OK	 
REQUEST		get delivery infomation	1657045124937	1657045124942	OK	 
USER	Scenario Name	END	1657045124952
USER	Scenario Name	END	1657045124952
USER	Scenario Name	END	1657045124952
USER	Scenario Name	END	1657045124952
USER	Scenario Name	END	1657045124952
REQUEST		get delivery infomation	1657045124952	1657045124957	OK	 
REQUEST		get delivery infomation	1657045124952	1657045124957	OK	 
REQUEST		get delivery infomation	1657045124952	1657045124957	OK	 
REQUEST		get delivery infomation	1657045124952	1657045124957	OK	 
REQUEST		get delivery infomation	1657045124952	1657045124957	OK	 
USER	Scenario Name	END	1657045124968
USER	Scenario Name	END	1657045124968
USER	Scenario Name	END	1657045124968
USER	Scenario Name	END	1657045124968
USER	Scenario Name	END	1657045124968
USER	Scenario Name	END	1657045124968
USER	Scenario Name	END	1657045124968
USER	Scenario Name	END	1657045124968
USER	Scenario Name	END	1657045124968
REQUEST		get delivery infomation	1657045124968	1657045124973	OK	 
REQUEST		get delivery infomation	1657045124968	1657045124973	OK	 
REQUEST		get delivery infomation	1657045124968	1657045124973	OK	 
REQUEST		get delivery infomation	1657045124968	1657045124973	OK	 
REQUEST		get delivery infomation	1657045124968	1657045124973	OK	 
REQUEST		get delivery infomation	1657045124973	1657045124977	OK	 
REQUEST		get delivery infomation	1657045124973	1657045124977	OK	 
USER	Scenario Name	END	1657045124983
USER	Scenario Name	END	1657045124983
USER	Scenario Name	END	1657045124983
USER	Scenario Name	END	1657045124983
USER	Scenario Name	END	1657045124983
USER	Scenario Name	END	1657045124983
USER	Scenario Name	END	1657045124983
USER	Scenario Name	END	1657045124983
USER	Scenario Name	END	1657045124983
USER	Scenario Name	END	1657045124983
USER	Scenario Name	END	1657045124984
USER	Scenario Name	END	1657045124984
REQUEST		get delivery infomation	1657045124983	1657045124988	OK	 
USER	Scenario Name	END	1657045124999
USER	Scenario Name	END	1657045124999
USER	Scenario Name	END	1657045124999
USER	Scenario Name	END	1657045124999
USER	Scenario Name	END	1657045124999
USER	Scenario Name	END	1657045124999
USER	Scenario Name	END	1657045124999
REQUEST		get delivery infomation	1657045124999	1657045125005	OK	 
REQUEST		get delivery infomation	1657045124999	1657045125005	OK	 
REQUEST		get delivery infomation	1657045124999	1657045125005	OK	 
REQUEST		get delivery infomation	1657045124999	1657045125005	OK	 
REQUEST		get delivery infomation	1657045124999	1657045125005	OK	 
REQUEST		get delivery infomation	1657045124999	1657045125005	OK	 
REQUEST		get delivery infomation	1657045124999	1657045125005	OK	 
REQUEST		get delivery infomation	1657045124999	1657045125005	OK	 
REQUEST		get delivery infomation	1657045124999	1657045125005	OK	 
USER	Scenario Name	END	1657045125005
REQUEST		get delivery infomation	1657045124999	1657045125005	OK	 
REQUEST		get delivery infomation	1657045124999	1657045125005	OK	 
REQUEST		get delivery infomation	1657045124999	1657045125005	OK	 
REQUEST		get delivery infomation	1657045124999	1657045125005	OK	 
REQUEST		get delivery infomation	1657045124999	1657045125005	OK	 
REQUEST		get delivery infomation	1657045124999	1657045125006	OK	 
REQUEST		get delivery infomation	1657045124999	1657045125006	OK	 
REQUEST		get delivery infomation	1657045124999	1657045125006	OK	 
USER	Scenario Name	END	1657045125014
USER	Scenario Name	END	1657045125014
USER	Scenario Name	END	1657045125014
USER	Scenario Name	END	1657045125014
USER	Scenario Name	END	1657045125014
USER	Scenario Name	END	1657045125014
USER	Scenario Name	END	1657045125014
USER	Scenario Name	END	1657045125014
USER	Scenario Name	END	1657045125014
USER	Scenario Name	END	1657045125014
USER	Scenario Name	END	1657045125014
USER	Scenario Name	END	1657045125014
REQUEST		get delivery infomation	1657045125015	1657045125019	OK	 
REQUEST		get delivery infomation	1657045125014	1657045125019	OK	 
REQUEST		get delivery infomation	1657045125015	1657045125019	OK	 
REQUEST		get delivery infomation	1657045125014	1657045125019	OK	 
REQUEST		get delivery infomation	1657045125015	1657045125019	OK	 
USER	Scenario Name	END	1657045125020
USER	Scenario Name	END	1657045125020
REQUEST		get delivery infomation	1657045125014	1657045125020	OK	 
USER	Scenario Name	END	1657045125020
REQUEST		get delivery infomation	1657045125014	1657045125020	OK	 
USER	Scenario Name	END	1657045125029
USER	Scenario Name	END	1657045125029
USER	Scenario Name	END	1657045125029
USER	Scenario Name	END	1657045125029
USER	Scenario Name	END	1657045125030
USER	Scenario Name	END	1657045125030
USER	Scenario Name	END	1657045125030
USER	Scenario Name	END	1657045125030
USER	Scenario Name	END	1657045125030
USER	Scenario Name	END	1657045125030
USER	Scenario Name	END	1657045125030
USER	Scenario Name	END	1657045125030
USER	Scenario Name	END	1657045125030
USER	Scenario Name	END	1657045125035
REQUEST		get delivery infomation	1657045125029	1657045125036	OK	 
USER	Scenario Name	END	1657045125045
USER	Scenario Name	END	1657045125045
USER	Scenario Name	END	1657045125045
USER	Scenario Name	END	1657045125045
USER	Scenario Name	END	1657045125045
USER	Scenario Name	END	1657045125045
USER	Scenario Name	END	1657045125045
USER	Scenario Name	END	1657045125045
USER	Scenario Name	END	1657045125045
USER	Scenario Name	END	1657045125045
USER	Scenario Name	END	1657045125046
USER	Scenario Name	END	1657045125046
USER	Scenario Name	END	1657045125046
REQUEST		checkout	1657045125029	1657045125048	OK	 
REQUEST		checkout	1657045125029	1657045125048	OK	 
REQUEST		checkout	1657045125029	1657045125048	OK	 
REQUEST		checkout	1657045125030	1657045125048	OK	 
REQUEST		checkout	1657045125029	1657045125048	OK	 
REQUEST		get delivery infomation	1657045125045	1657045125051	OK	 
REQUEST		get delivery infomation	1657045125045	1657045125051	OK	 
REQUEST		get delivery infomation	1657045125045	1657045125051	OK	 
REQUEST		get delivery infomation	1657045125045	1657045125051	OK	 
REQUEST		get delivery infomation	1657045125046	1657045125051	OK	 
USER	Scenario Name	END	1657045125061
USER	Scenario Name	END	1657045125061
USER	Scenario Name	END	1657045125061
USER	Scenario Name	END	1657045125061
USER	Scenario Name	END	1657045125061
USER	Scenario Name	END	1657045125061
USER	Scenario Name	END	1657045125061
USER	Scenario Name	END	1657045125061
USER	Scenario Name	END	1657045125077
USER	Scenario Name	END	1657045125092
USER	Scenario Name	END	1657045125092
USER	Scenario Name	END	1657045125108
USER	Scenario Name	END	1657045125108
USER	Scenario Name	END	1657045125108
USER	Scenario Name	END	1657045125108
USER	Scenario Name	END	1657045125108
USER	Scenario Name	END	1657045125124
USER	Scenario Name	END	1657045125124
USER	Scenario Name	END	1657045125124
USER	Scenario Name	END	1657045125124
USER	Scenario Name	END	1657045125124
USER	Scenario Name	END	1657045125140
USER	Scenario Name	END	1657045125140
USER	Scenario Name	END	1657045125140
USER	Scenario Name	END	1657045125155
USER	Scenario Name	END	1657045125155
USER	Scenario Name	END	1657045125155
USER	Scenario Name	END	1657045125155
USER	Scenario Name	END	1657045125170
USER	Scenario Name	END	1657045125170
USER	Scenario Name	END	1657045125170
USER	Scenario Name	END	1657045125170
USER	Scenario Name	END	1657045125170
USER	Scenario Name	END	1657045125170
USER	Scenario Name	END	1657045125170
USER	Scenario Name	END	1657045125170
USER	Scenario Name	END	1657045125170
USER	Scenario Name	END	1657045125170
USER	Scenario Name	END	1657045125170
USER	Scenario Name	END	1657045125170
USER	Scenario Name	END	1657045125170
USER	Scenario Name	END	1657045125170
USER	Scenario Name	END	1657045125170
USER	Scenario Name	END	1657045125170
USER	Scenario Name	END	1657045125171
USER	Scenario Name	END	1657045125171
USER	Scenario Name	END	1657045125185
USER	Scenario Name	END	1657045125185
USER	Scenario Name	END	1657045125201
REQUEST		get delivery infomation	1657045125201	1657045125207	OK	 
REQUEST		get delivery infomation	1657045125201	1657045125207	OK	 
REQUEST		get delivery infomation	1657045125201	1657045125207	OK	 
REQUEST		get delivery infomation	1657045125201	1657045125207	OK	 
USER	Scenario Name	END	1657045125207
REQUEST		get delivery infomation	1657045125201	1657045125207	OK	 
USER	Scenario Name	END	1657045125216
USER	Scenario Name	END	1657045125216
USER	Scenario Name	END	1657045125216
USER	Scenario Name	END	1657045125216
USER	Scenario Name	END	1657045125372
USER	Scenario Name	END	1657045125372
USER	Scenario Name	END	1657045125372
USER	Scenario Name	END	1657045125373
USER	Scenario Name	END	1657045125374
